

 >> cR2  C o m p l e x   R e s i s t i v i t y   I n v e r s i o n  v3.0 <<

 >> Author: Andrew Binley, Email [a.binley@lancaster.ac.uk]

 >> D a t e : 23 - 05 - 2022

 >> My beautiful survey                                                             
 >> Reading start resistivity from resistivity.dat               

 Measurements read:   298  Measurements rejected:    0


     Timing Summary
     ==============
     Total time taken:                                  2. s

     Percent time taken forming element equations:     0.3 %
     Percent time taken solving forward  equations:   41.3 %
     Percent time taken forming Jacobian:              0.0 %
     Percent time taken solving inverse equations:     0.0 %

     Timing Details
     ==============
     Number of calls to form element equations:         11
     Average time taken in call:                     0.000 s
     Number of calls to solve forward equations:       264
     Average time taken in call:                     0.002 s
     Number of calls to form Jacobian:                   0
     Average time taken in call:                     0.000 s
     Number of calls to solve inverse equations:         0
     Average time taken in call:                     0.000 s
